This file contains any messages produced by compilers while
running configure, to aid debugging if configure makes a mistake.

It was created by libnl configure 1.1.4, which was
generated by GNU Autoconf 2.68.  Invocation command line was

  $ ./configure --host=mips-linux --prefix=/home/chuangsw/Huawei/branch-rtl819x-sdk-v3.4.11_huawei_20160707/users/lib

## --------- ##
## Platform. ##
## --------- ##

hostname = localhost.localdomain
uname -m = i686
uname -r = 2.6.18-371.3.1.el5PAE
uname -s = Linux
uname -v = #1 SMP Thu Dec 5 13:29:20 EST 2013

/usr/bin/uname -p = unknown
/bin/uname -X     = unknown

/bin/arch              = i686
/usr/bin/arch -k       = unknown
/usr/convex/getsysinfo = unknown
/usr/bin/hostinfo      = unknown
/bin/machine           = unknown
/usr/bin/oslevel       = unknown
/bin/universe          = unknown

PATH: /home/chuangsw/Huawei/branch-rtl819x-sdk-v3.4.11_huawei_20160707/toolchain/msdk-4.4.7-mips-EL-3.10-u0.9.33-m32t-140827/bin
PATH: /usr/lib/qt-3.3/bin
PATH: /usr/kerberos/bin
PATH: /usr/local/bin
PATH: /bin
PATH: /usr/bin
PATH: /home/chuangsw/bin


## ----------- ##
## Core tests. ##
## ----------- ##

configure:1785: checking for mips-linux-gcc
configure:1812: result: msdk-linux-gcc
configure:2081: checking for C compiler version
configure:2090: msdk-linux-gcc --version >&5
mips-linux-xgcc (Realtek MSDK-4.4.7 Build 2001) 4.4.7
Copyright (C) 2010 Free Software Foundation, Inc.
This is free software; see the source for copying conditions.  There is NO
warranty; not even for MERCHANTABILITY or FITNESS FOR A PARTICULAR PURPOSE.

configure:2101: $? = 0
configure:2090: msdk-linux-gcc -v >&5
Using built-in specs.
Target: mips-linux-uclibc
Configured with: SDK Builder release 4.4
Thread model: posix
gcc version 4.4.7 (Realtek MSDK-4.4.7 Build 2001) 
configure:2101: $? = 0
configure:2090: msdk-linux-gcc -V >&5
mips-linux-xgcc: '-V' must come at the start of the command line
configure:2101: $? = 1
configure:2090: msdk-linux-gcc -qversion >&5
mips-linux-xgcc: unrecognized option '-qversion'
mips-linux-xgcc: no input files
configure:2101: $? = 1
configure:2121: checking whether the C compiler works
configure:2143: msdk-linux-gcc -I/home/chuangsw/Huawei/branch-rtl819x-sdk-v3.4.11_huawei_20160707/target/tmpfs/include -I/home/chuangsw/Huawei/branch-rtl819x-sdk-v3.4.11_huawei_20160707/target/tmpfs/include   conftest.c  >&5
configure:2147: $? = 0
configure:2195: result: yes
configure:2198: checking for C compiler default output file name
configure:2200: result: a.out
configure:2206: checking for suffix of executables
configure:2213: msdk-linux-gcc -o conftest -I/home/chuangsw/Huawei/branch-rtl819x-sdk-v3.4.11_huawei_20160707/target/tmpfs/include -I/home/chuangsw/Huawei/branch-rtl819x-sdk-v3.4.11_huawei_20160707/target/tmpfs/include   conftest.c  >&5
configure:2217: $? = 0
configure:2239: result: 
configure:2261: checking whether we are cross compiling
configure:2269: msdk-linux-gcc -o conftest -I/home/chuangsw/Huawei/branch-rtl819x-sdk-v3.4.11_huawei_20160707/target/tmpfs/include -I/home/chuangsw/Huawei/branch-rtl819x-sdk-v3.4.11_huawei_20160707/target/tmpfs/include   conftest.c  >&5
configure:2273: $? = 0
configure:2280: ./conftest
./configure: line 2282: ./conftest: cannot execute binary file
configure:2284: $? = 126
configure:2299: result: yes
configure:2304: checking for suffix of object files
configure:2326: msdk-linux-gcc -c -I/home/chuangsw/Huawei/branch-rtl819x-sdk-v3.4.11_huawei_20160707/target/tmpfs/include -I/home/chuangsw/Huawei/branch-rtl819x-sdk-v3.4.11_huawei_20160707/target/tmpfs/include  conftest.c >&5
configure:2330: $? = 0
configure:2351: result: o
configure:2355: checking whether we are using the GNU C compiler
configure:2374: msdk-linux-gcc -c -I/home/chuangsw/Huawei/branch-rtl819x-sdk-v3.4.11_huawei_20160707/target/tmpfs/include -I/home/chuangsw/Huawei/branch-rtl819x-sdk-v3.4.11_huawei_20160707/target/tmpfs/include  conftest.c >&5
configure:2374: $? = 0
configure:2383: result: yes
configure:2392: checking whether msdk-linux-gcc accepts -g
configure:2412: msdk-linux-gcc -c -g  conftest.c >&5
configure:2412: $? = 0
configure:2453: result: yes
configure:2470: checking for msdk-linux-gcc option to accept ISO C89
configure:2534: msdk-linux-gcc  -c -I/home/chuangsw/Huawei/branch-rtl819x-sdk-v3.4.11_huawei_20160707/target/tmpfs/include -I/home/chuangsw/Huawei/branch-rtl819x-sdk-v3.4.11_huawei_20160707/target/tmpfs/include  conftest.c >&5
configure:2534: $? = 0
configure:2547: result: none needed
configure:2610: checking for a BSD-compatible install
configure:2678: result: /usr/bin/install -c
configure:2691: checking for an ANSI C-conforming const
configure:2756: msdk-linux-gcc -c -I/home/chuangsw/Huawei/branch-rtl819x-sdk-v3.4.11_huawei_20160707/target/tmpfs/include -I/home/chuangsw/Huawei/branch-rtl819x-sdk-v3.4.11_huawei_20160707/target/tmpfs/include  conftest.c >&5
configure:2756: $? = 0
configure:2763: result: yes
configure:2771: checking for inline
configure:2787: msdk-linux-gcc -c -I/home/chuangsw/Huawei/branch-rtl819x-sdk-v3.4.11_huawei_20160707/target/tmpfs/include -I/home/chuangsw/Huawei/branch-rtl819x-sdk-v3.4.11_huawei_20160707/target/tmpfs/include  conftest.c >&5
configure:2787: $? = 0
configure:2795: result: inline
configure:2820: checking for pow in -lm
configure:2845: msdk-linux-gcc -o conftest -I/home/chuangsw/Huawei/branch-rtl819x-sdk-v3.4.11_huawei_20160707/target/tmpfs/include -I/home/chuangsw/Huawei/branch-rtl819x-sdk-v3.4.11_huawei_20160707/target/tmpfs/include   conftest.c -lm   >&5
conftest.c:16: warning: conflicting types for built-in function 'pow'
configure:2845: $? = 0
configure:2854: result: yes
configure:2904: checking for pthread_mutex_lock in -lpthread
configure:2929: msdk-linux-gcc -o conftest -I/home/chuangsw/Huawei/branch-rtl819x-sdk-v3.4.11_huawei_20160707/target/tmpfs/include -I/home/chuangsw/Huawei/branch-rtl819x-sdk-v3.4.11_huawei_20160707/target/tmpfs/include   conftest.c -lpthread   >&5
configure:2929: $? = 0
configure:2938: result: yes
configure:3077: creating ./config.status

## ---------------------- ##
## Running config.status. ##
## ---------------------- ##

This file was extended by libnl config.status 1.1.4, which was
generated by GNU Autoconf 2.68.  Invocation command line was

  CONFIG_FILES    = 
  CONFIG_HEADERS  = 
  CONFIG_LINKS    = 
  CONFIG_COMMANDS = 
  $ ./config.status 

on localhost.localdomain

config.status:804: creating Makefile.opts
config.status:907: WARNING:  'Makefile.opts.in' seems to ignore the --datarootdir setting
config.status:804: creating libnl-1.pc
config.status:804: creating doc/Doxyfile
config.status:804: creating lib/defs.h
config.status:979: lib/defs.h is unchanged

## ---------------- ##
## Cache variables. ##
## ---------------- ##

ac_cv_c_compiler_gnu=yes
ac_cv_c_const=yes
ac_cv_c_inline=inline
ac_cv_env_CC_set=set
ac_cv_env_CC_value=msdk-linux-gcc
ac_cv_env_CFLAGS_set=set
ac_cv_env_CFLAGS_value='-I/home/chuangsw/Huawei/branch-rtl819x-sdk-v3.4.11_huawei_20160707/target/tmpfs/include -I/home/chuangsw/Huawei/branch-rtl819x-sdk-v3.4.11_huawei_20160707/target/tmpfs/include'
ac_cv_env_CPPFLAGS_set=
ac_cv_env_CPPFLAGS_value=
ac_cv_env_LDFLAGS_set=
ac_cv_env_LDFLAGS_value=
ac_cv_env_LIBS_set=
ac_cv_env_LIBS_value=
ac_cv_env_build_alias_set=
ac_cv_env_build_alias_value=
ac_cv_env_host_alias_set=set
ac_cv_env_host_alias_value=mips-linux
ac_cv_env_target_alias_set=
ac_cv_env_target_alias_value=
ac_cv_lib_m_pow=yes
ac_cv_lib_pthread_pthread_mutex_lock=yes
ac_cv_objext=o
ac_cv_path_install='/usr/bin/install -c'
ac_cv_prog_CC=msdk-linux-gcc
ac_cv_prog_cc_c89=
ac_cv_prog_cc_g=yes

## ----------------- ##
## Output variables. ##
## ----------------- ##

CC='msdk-linux-gcc'
CFLAGS='-I/home/chuangsw/Huawei/branch-rtl819x-sdk-v3.4.11_huawei_20160707/target/tmpfs/include -I/home/chuangsw/Huawei/branch-rtl819x-sdk-v3.4.11_huawei_20160707/target/tmpfs/include'
CPPFLAGS=''
DEFS='-DHAVE_CONFIG_H'
ECHO_C=''
ECHO_N='-n'
ECHO_T=''
EXEEXT=''
INSTALL_DATA='${INSTALL} -m 644'
INSTALL_PROGRAM='${INSTALL}'
INSTALL_SCRIPT='${INSTALL}'
LDFLAGS=''
LIBNL_LIB='-lm -lpthread'
LIBOBJS=''
LIBS=''
LTLIBOBJS=''
OBJEXT='o'
PACKAGE_BUGREPORT='tgraf@suug.ch'
PACKAGE_NAME='libnl'
PACKAGE_STRING='libnl 1.1.4'
PACKAGE_TARNAME='libnl'
PACKAGE_URL=''
PACKAGE_VERSION='1.1.4'
PATH_SEPARATOR=':'
SHELL='/bin/sh'
ac_ct_CC=''
bindir='${exec_prefix}/bin'
build_alias=''
datadir='${datarootdir}'
datarootdir='${prefix}/share'
docdir='${datarootdir}/doc/${PACKAGE_TARNAME}'
dvidir='${docdir}'
exec_prefix='${prefix}'
host_alias='mips-linux'
htmldir='${docdir}'
includedir='${prefix}/include'
infodir='${datarootdir}/info'
libdir='${exec_prefix}/lib'
libexecdir='${exec_prefix}/libexec'
localedir='${datarootdir}/locale'
localstatedir='${prefix}/var'
mandir='${datarootdir}/man'
oldincludedir='/usr/include'
pdfdir='${docdir}'
prefix='/home/chuangsw/Huawei/branch-rtl819x-sdk-v3.4.11_huawei_20160707/users/lib'
program_transform_name='s,x,x,'
psdir='${docdir}'
sbindir='${exec_prefix}/sbin'
sharedstatedir='${prefix}/com'
sysconfdir='${prefix}/etc'
target_alias=''

## ----------- ##
## confdefs.h. ##
## ----------- ##

/* confdefs.h */
#define PACKAGE_NAME "libnl"
#define PACKAGE_TARNAME "libnl"
#define PACKAGE_VERSION "1.1.4"
#define PACKAGE_STRING "libnl 1.1.4"
#define PACKAGE_BUGREPORT "tgraf@suug.ch"
#define PACKAGE_URL ""

configure: exit 0
