This file contains any messages produced by compilers while
running configure, to aid debugging if configure makes a mistake.

It was created by GD configure 2.1.1, which was
generated by GNU Autoconf 2.69.  Invocation command line was

  $ ./configure 

## --------- ##
## Platform. ##
## --------- ##

hostname = tplink
uname -m = i686
uname -r = 3.19.0-25-generic
uname -s = Linux
uname -v = #26~14.04.1-Ubuntu SMP Fri Jul 24 21:18:00 UTC 2015

/usr/bin/uname -p = unknown
/bin/uname -X     = unknown

/bin/arch              = i686
/usr/bin/arch -k       = unknown
/usr/convex/getsysinfo = unknown
/usr/bin/hostinfo      = unknown
/bin/machine           = unknown
/usr/bin/oslevel       = unknown
/bin/universe          = unknown

PATH: /usr/local/sbin
PATH: /usr/local/bin
PATH: /usr/sbin
PATH: /usr/bin
PATH: /sbin
PATH: /bin
PATH: /usr/games
PATH: /usr/local/games
PATH: /usr/lib/git-core
PATH: /usr/local/samba/bin
PATH: /usr/local/samba/sbin
PATH: /usr/local/samba/bin
PATH: /usr/local/samba/sbin
PATH: /usr/local/samba/bin
PATH: /usr/local/samba/sbin
PATH: /usr/local/samba/bin
PATH: /usr/local/samba/sbin
PATH: /usr/local/samba/bin
PATH: /usr/local/samba/sbin


## ----------- ##
## Core tests. ##
## ----------- ##

configure:2347: checking build system type
configure:2361: result: i686-pc-linux-gnu
configure:2381: checking host system type
configure:2394: result: i686-pc-linux-gnu
configure:2457: checking for a BSD-compatible install
configure:2525: result: /usr/bin/install -c
configure:2536: checking whether build environment is sane
configure:2586: result: yes
configure:2727: checking for a thread-safe mkdir -p
configure:2766: result: /bin/mkdir -p
configure:2779: checking for gawk
configure:2795: found /usr/bin/gawk
configure:2806: result: gawk
configure:2817: checking whether make sets $(MAKE)
configure:2839: result: yes
configure:2935: checking for style of include used by make
configure:2963: result: GNU
configure:3034: checking for gcc
configure:3050: found /usr/bin/gcc
configure:3061: result: gcc
configure:3290: checking for C compiler version
configure:3299: gcc --version >&5
gcc (Ubuntu 4.8.4-2ubuntu1~14.04.3) 4.8.4
Copyright (C) 2013 Free Software Foundation, Inc.
This is free software; see the source for copying conditions.  There is NO
warranty; not even for MERCHANTABILITY or FITNESS FOR A PARTICULAR PURPOSE.

configure:3310: $? = 0
configure:3299: gcc -v >&5
Using built-in specs.
COLLECT_GCC=gcc
COLLECT_LTO_WRAPPER=/usr/lib/gcc/i686-linux-gnu/4.8/lto-wrapper
Target: i686-linux-gnu
Configured with: ../src/configure -v --with-pkgversion='Ubuntu 4.8.4-2ubuntu1~14.04.3' --with-bugurl=file:///usr/share/doc/gcc-4.8/README.Bugs --enable-languages=c,c++,java,go,d,fortran,objc,obj-c++ --prefix=/usr --program-suffix=-4.8 --enable-shared --enable-linker-build-id --libexecdir=/usr/lib --without-included-gettext --enable-threads=posix --with-gxx-include-dir=/usr/include/c++/4.8 --libdir=/usr/lib --enable-nls --with-sysroot=/ --enable-clocale=gnu --enable-libstdcxx-debug --enable-libstdcxx-time=yes --enable-gnu-unique-object --disable-libmudflap --enable-plugin --with-system-zlib --disable-browser-plugin --enable-java-awt=gtk --enable-gtk-cairo --with-java-home=/usr/lib/jvm/java-1.5.0-gcj-4.8-i386/jre --enable-java-home --with-jvm-root-dir=/usr/lib/jvm/java-1.5.0-gcj-4.8-i386 --with-jvm-jar-dir=/usr/lib/jvm-exports/java-1.5.0-gcj-4.8-i386 --with-arch-directory=i386 --with-ecj-jar=/usr/share/java/eclipse-ecj.jar --enable-objc-gc --enable-targets=all --enable-multiarch --disable-werror --with-arch-32=i686 --with-multilib-list=m32,m64,mx32 --with-tune=generic --enable-checking=release --build=i686-linux-gnu --host=i686-linux-gnu --target=i686-linux-gnu
Thread model: posix
gcc version 4.8.4 (Ubuntu 4.8.4-2ubuntu1~14.04.3) 
configure:3310: $? = 0
configure:3299: gcc -V >&5
gcc: error: unrecognized command line option '-V'
gcc: fatal error: no input files
compilation terminated.
configure:3310: $? = 4
configure:3299: gcc -qversion >&5
gcc: error: unrecognized command line option '-qversion'
gcc: fatal error: no input files
compilation terminated.
configure:3310: $? = 4
configure:3330: checking whether the C compiler works
configure:3352: gcc    conftest.c  >&5
configure:3356: $? = 0
configure:3404: result: yes
configure:3407: checking for C compiler default output file name
configure:3409: result: a.out
configure:3415: checking for suffix of executables
configure:3422: gcc -o conftest    conftest.c  >&5
configure:3426: $? = 0
configure:3448: result: 
configure:3470: checking whether we are cross compiling
configure:3478: gcc -o conftest    conftest.c  >&5
configure:3482: $? = 0
configure:3489: ./conftest
configure:3493: $? = 0
configure:3508: result: no
configure:3513: checking for suffix of object files
configure:3535: gcc -c   conftest.c >&5
configure:3539: $? = 0
configure:3560: result: o
configure:3564: checking whether we are using the GNU C compiler
configure:3583: gcc -c   conftest.c >&5
configure:3583: $? = 0
configure:3592: result: yes
configure:3601: checking whether gcc accepts -g
configure:3621: gcc -c -g  conftest.c >&5
configure:3621: $? = 0
configure:3662: result: yes
configure:3679: checking for gcc option to accept ISO C89
configure:3742: gcc  -c -g -O2  conftest.c >&5
configure:3742: $? = 0
configure:3755: result: none needed
configure:3777: checking dependency style of gcc
configure:3888: result: gcc3
configure:3953: checking for ar
configure:3969: found /usr/bin/ar
configure:3980: result: ar
configure:4006: checking the archiver (ar) interface
configure:4016: gcc -c -g -O2  conftest.c >&5
configure:4016: $? = 0
configure:4018: ar cru libconftest.a conftest.o >&5
configure:4021: $? = 0
configure:4044: result: ar
configure:4069: checking for gcc option to accept ISO C99
configure:4218: gcc  -c -g -O2  conftest.c >&5
conftest.c:61:29: error: expected ';', ',' or ')' before 'text'
 test_restrict (ccp restrict text)
                             ^
conftest.c: In function 'main':
conftest.c:115:18: error: expected '=', ',', ';', 'asm' or '__attribute__' before 'newvar'
   char *restrict newvar = "Another string";
                  ^
conftest.c:115:18: error: 'newvar' undeclared (first use in this function)
conftest.c:115:18: note: each undeclared identifier is reported only once for each function it appears in
conftest.c:125:3: error: 'for' loop initial declarations are only allowed in C99 mode
   for (int i = 0; i < ia->datasize; ++i)
   ^
conftest.c:125:3: note: use option -std=c99 or -std=gnu99 to compile your code
configure:4218: $? = 1
configure: failed program was:
| /* confdefs.h */
| #define PACKAGE_NAME "GD"
| #define PACKAGE_TARNAME "libgd"
| #define PACKAGE_VERSION "2.1.1"
| #define PACKAGE_STRING "GD 2.1.1"
| #define PACKAGE_BUGREPORT "https://bitbucket.org/libgd/gd-libgd/issues"
| #define PACKAGE_URL "http://lib.gd"
| #define PACKAGE "libgd"
| #define VERSION "2.1.1"
| /* end confdefs.h.  */
| #include <stdarg.h>
| #include <stdbool.h>
| #include <stdlib.h>
| #include <wchar.h>
| #include <stdio.h>
| 
| // Check varargs macros.  These examples are taken from C99 6.10.3.5.
| #define debug(...) fprintf (stderr, __VA_ARGS__)
| #define showlist(...) puts (#__VA_ARGS__)
| #define report(test,...) ((test) ? puts (#test) : printf (__VA_ARGS__))
| static void
| test_varargs_macros (void)
| {
|   int x = 1234;
|   int y = 5678;
|   debug ("Flag");
|   debug ("X = %d\n", x);
|   showlist (The first, second, and third items.);
|   report (x>y, "x is %d but y is %d", x, y);
| }
| 
| // Check long long types.
| #define BIG64 18446744073709551615ull
| #define BIG32 4294967295ul
| #define BIG_OK (BIG64 / BIG32 == 4294967297ull && BIG64 % BIG32 == 0)
| #if !BIG_OK
|   your preprocessor is broken;
| #endif
| #if BIG_OK
| #else
|   your preprocessor is broken;
| #endif
| static long long int bignum = -9223372036854775807LL;
| static unsigned long long int ubignum = BIG64;
| 
| struct incomplete_array
| {
|   int datasize;
|   double data[];
| };
| 
| struct named_init {
|   int number;
|   const wchar_t *name;
|   double average;
| };
| 
| typedef const char *ccp;
| 
| static inline int
| test_restrict (ccp restrict text)
| {
|   // See if C++-style comments work.
|   // Iterate through items via the restricted pointer.
|   // Also check for declarations in for loops.
|   for (unsigned int i = 0; *(text+i) != '\0'; ++i)
|     continue;
|   return 0;
| }
| 
| // Check varargs and va_copy.
| static void
| test_varargs (const char *format, ...)
| {
|   va_list args;
|   va_start (args, format);
|   va_list args_copy;
|   va_copy (args_copy, args);
| 
|   const char *str;
|   int number;
|   float fnumber;
| 
|   while (*format)
|     {
|       switch (*format++)
| 	{
| 	case 's': // string
| 	  str = va_arg (args_copy, const char *);
| 	  break;
| 	case 'd': // int
| 	  number = va_arg (args_copy, int);
| 	  break;
| 	case 'f': // float
| 	  fnumber = va_arg (args_copy, double);
| 	  break;
| 	default:
| 	  break;
| 	}
|     }
|   va_end (args_copy);
|   va_end (args);
| }
| 
| int
| main ()
| {
| 
|   // Check bool.
|   _Bool success = false;
| 
|   // Check restrict.
|   if (test_restrict ("String literal") == 0)
|     success = true;
|   char *restrict newvar = "Another string";
| 
|   // Check varargs.
|   test_varargs ("s, d' f .", "string", 65, 34.234);
|   test_varargs_macros ();
| 
|   // Check flexible array members.
|   struct incomplete_array *ia =
|     malloc (sizeof (struct incomplete_array) + (sizeof (double) * 10));
|   ia->datasize = 10;
|   for (int i = 0; i < ia->datasize; ++i)
|     ia->data[i] = i * 1.234;
| 
|   // Check named initializers.
|   struct named_init ni = {
|     .number = 34,
|     .name = L"Test wide string",
|     .average = 543.34343,
|   };
| 
|   ni.number = 58;
| 
|   int dynamic_array[ni.number];
|   dynamic_array[ni.number - 1] = 543;
| 
|   // work around unused variable warnings
|   return (!success || bignum == 0LL || ubignum == 0uLL || newvar[0] == 'x'
| 	  || dynamic_array[ni.number - 1] != 543);
| 
|   ;
|   return 0;
| }
configure:4218: gcc -std=gnu99 -c -g -O2  conftest.c >&5
configure:4218: $? = 0
configure:4238: result: -std=gnu99
configure:4339: checking for gcc -std=gnu99 option to accept ISO Standard C
configure:4353: result: -std=gnu99
configure:4358: checking whether gcc -std=gnu99 and cc understand -c and -o together
configure:4389: gcc -std=gnu99 -c conftest.c -o conftest2.o >&5
configure:4393: $? = 0
configure:4399: gcc -std=gnu99 -c conftest.c -o conftest2.o >&5
configure:4403: $? = 0
configure:4414: cc -c conftest.c >&5
configure:4418: $? = 0
configure:4426: cc -c conftest.c -o conftest2.o >&5
configure:4430: $? = 0
configure:4436: cc -c conftest.c -o conftest2.o >&5
configure:4440: $? = 0
configure:4458: result: yes
configure:4530: checking how to print strings
configure:4557: result: printf
configure:4578: checking for a sed that does not truncate output
configure:4642: result: /bin/sed
configure:4660: checking for grep that handles long lines and -e
configure:4718: result: /bin/grep
configure:4723: checking for egrep
configure:4785: result: /bin/grep -E
configure:4790: checking for fgrep
configure:4852: result: /bin/grep -F
configure:4887: checking for ld used by gcc -std=gnu99
configure:4954: result: /usr/bin/ld
configure:4961: checking if the linker (/usr/bin/ld) is GNU ld
configure:4976: result: yes
configure:4988: checking for BSD- or MS-compatible name lister (nm)
configure:5037: result: /usr/bin/nm -B
configure:5167: checking the name lister (/usr/bin/nm -B) interface
configure:5174: gcc -std=gnu99 -c -g -O2  conftest.c >&5
configure:5177: /usr/bin/nm -B "conftest.o"
configure:5180: output
00000000 B some_variable
configure:5187: result: BSD nm
configure:5190: checking whether ln -s works
configure:5194: result: yes
configure:5202: checking the maximum length of command line arguments
configure:5332: result: 1572864
configure:5349: checking whether the shell understands some XSI constructs
configure:5359: result: yes
configure:5363: checking whether the shell understands "+="
configure:5369: result: yes
configure:5404: checking how to convert i686-pc-linux-gnu file names to i686-pc-linux-gnu format
configure:5444: result: func_convert_file_noop
configure:5451: checking how to convert i686-pc-linux-gnu file names to toolchain format
configure:5471: result: func_convert_file_noop
configure:5478: checking for /usr/bin/ld option to reload object files
configure:5485: result: -r
configure:5559: checking for objdump
configure:5575: found /usr/bin/objdump
configure:5586: result: objdump
configure:5618: checking how to recognize dependent libraries
configure:5816: result: pass_all
configure:5901: checking for dlltool
configure:5931: result: no
configure:5961: checking how to associate runtime and link libraries
configure:5988: result: printf %s\n
configure:6112: checking for archiver @FILE support
configure:6129: gcc -std=gnu99 -c -g -O2  conftest.c >&5
configure:6129: $? = 0
configure:6132: ar cru libconftest.a @conftest.lst >&5
configure:6135: $? = 0
configure:6140: ar cru libconftest.a @conftest.lst >&5
ar: conftest.o: No such file or directory
configure:6143: $? = 1
configure:6155: result: @
configure:6213: checking for strip
configure:6229: found /usr/bin/strip
configure:6240: result: strip
configure:6312: checking for ranlib
configure:6328: found /usr/bin/ranlib
configure:6339: result: ranlib
configure:6441: checking command to parse /usr/bin/nm -B output from gcc -std=gnu99 object
configure:6561: gcc -std=gnu99 -c -g -O2  conftest.c >&5
configure:6564: $? = 0
configure:6568: /usr/bin/nm -B conftest.o \| sed -n -e 's/^.*[ ]\([ABCDGIRSTW][ABCDGIRSTW]*\)[ ][ ]*\([_A-Za-z][_A-Za-z0-9]*\)$/\1 \2 \2/p' | sed '/ __gnu_lto/d' \> conftest.nm
configure:6571: $? = 0
configure:6637: gcc -std=gnu99 -o conftest -g -O2   conftest.c conftstm.o >&5
configure:6640: $? = 0
configure:6678: result: ok
configure:6715: checking for sysroot
configure:6745: result: no
configure:7001: checking for mt
configure:7017: found /bin/mt
configure:7028: result: mt
configure:7051: checking if mt is a manifest tool
configure:7057: mt '-?'
configure:7065: result: no
configure:7707: checking how to run the C preprocessor
configure:7738: gcc -std=gnu99 -E  conftest.c
configure:7738: $? = 0
configure:7752: gcc -std=gnu99 -E  conftest.c
conftest.c:11:28: fatal error: ac_nonexistent.h: No such file or directory
 #include <ac_nonexistent.h>
                            ^
compilation terminated.
configure:7752: $? = 1
configure: failed program was:
| /* confdefs.h */
| #define PACKAGE_NAME "GD"
| #define PACKAGE_TARNAME "libgd"
| #define PACKAGE_VERSION "2.1.1"
| #define PACKAGE_STRING "GD 2.1.1"
| #define PACKAGE_BUGREPORT "https://bitbucket.org/libgd/gd-libgd/issues"
| #define PACKAGE_URL "http://lib.gd"
| #define PACKAGE "libgd"
| #define VERSION "2.1.1"
| /* end confdefs.h.  */
| #include <ac_nonexistent.h>
configure:7777: result: gcc -std=gnu99 -E
configure:7797: gcc -std=gnu99 -E  conftest.c
configure:7797: $? = 0
configure:7811: gcc -std=gnu99 -E  conftest.c
conftest.c:11:28: fatal error: ac_nonexistent.h: No such file or directory
 #include <ac_nonexistent.h>
                            ^
compilation terminated.
configure:7811: $? = 1
configure: failed program was:
| /* confdefs.h */
| #define PACKAGE_NAME "GD"
| #define PACKAGE_TARNAME "libgd"
| #define PACKAGE_VERSION "2.1.1"
| #define PACKAGE_STRING "GD 2.1.1"
| #define PACKAGE_BUGREPORT "https://bitbucket.org/libgd/gd-libgd/issues"
| #define PACKAGE_URL "http://lib.gd"
| #define PACKAGE "libgd"
| #define VERSION "2.1.1"
| /* end confdefs.h.  */
| #include <ac_nonexistent.h>
configure:7840: checking for ANSI C header files
configure:7860: gcc -std=gnu99 -c -g -O2  conftest.c >&5
configure:7860: $? = 0
configure:7933: gcc -std=gnu99 -o conftest -g -O2   conftest.c  >&5
configure:7933: $? = 0
configure:7933: ./conftest
configure:7933: $? = 0
configure:7944: result: yes
configure:7957: checking for sys/types.h
configure:7957: gcc -std=gnu99 -c -g -O2  conftest.c >&5
configure:7957: $? = 0
configure:7957: result: yes
configure:7957: checking for sys/stat.h
configure:7957: gcc -std=gnu99 -c -g -O2  conftest.c >&5
configure:7957: $? = 0
configure:7957: result: yes
configure:7957: checking for stdlib.h
configure:7957: gcc -std=gnu99 -c -g -O2  conftest.c >&5
configure:7957: $? = 0
configure:7957: result: yes
configure:7957: checking for string.h
configure:7957: gcc -std=gnu99 -c -g -O2  conftest.c >&5
configure:7957: $? = 0
configure:7957: result: yes
configure:7957: checking for memory.h
configure:7957: gcc -std=gnu99 -c -g -O2  conftest.c >&5
configure:7957: $? = 0
configure:7957: result: yes
configure:7957: checking for strings.h
configure:7957: gcc -std=gnu99 -c -g -O2  conftest.c >&5
configure:7957: $? = 0
configure:7957: result: yes
configure:7957: checking for inttypes.h
configure:7957: gcc -std=gnu99 -c -g -O2  conftest.c >&5
configure:7957: $? = 0
configure:7957: result: yes
configure:7957: checking for stdint.h
configure:7957: gcc -std=gnu99 -c -g -O2  conftest.c >&5
configure:7957: $? = 0
configure:7957: result: yes
configure:7957: checking for unistd.h
configure:7957: gcc -std=gnu99 -c -g -O2  conftest.c >&5
configure:7957: $? = 0
configure:7957: result: yes
configure:7971: checking for dlfcn.h
configure:7971: gcc -std=gnu99 -c -g -O2  conftest.c >&5
configure:7971: $? = 0
configure:7971: result: yes
configure:8177: checking for objdir
configure:8192: result: .libs
configure:8463: checking if gcc -std=gnu99 supports -fno-rtti -fno-exceptions
configure:8481: gcc -std=gnu99 -c -g -O2  -fno-rtti -fno-exceptions conftest.c >&5
cc1: warning: command line option '-fno-rtti' is valid for C++/ObjC++ but not for C [enabled by default]
configure:8485: $? = 0
configure:8498: result: no
configure:8825: checking for gcc -std=gnu99 option to produce PIC
configure:8832: result: -fPIC -DPIC
configure:8840: checking if gcc -std=gnu99 PIC flag -fPIC -DPIC works
configure:8858: gcc -std=gnu99 -c -g -O2  -fPIC -DPIC -DPIC conftest.c >&5
configure:8862: $? = 0
configure:8875: result: yes
configure:8904: checking if gcc -std=gnu99 static flag -static works
configure:8932: result: yes
configure:8947: checking if gcc -std=gnu99 supports -c -o file.o
configure:8968: gcc -std=gnu99 -c -g -O2  -o out/conftest2.o conftest.c >&5
configure:8972: $? = 0
configure:8994: result: yes
configure:9002: checking if gcc -std=gnu99 supports -c -o file.o
configure:9049: result: yes
configure:9082: checking whether the gcc -std=gnu99 linker (/usr/bin/ld) supports shared libraries
configure:10239: result: yes
configure:10276: checking whether -lc should be explicitly linked in
configure:10284: gcc -std=gnu99 -c -g -O2  conftest.c >&5
configure:10287: $? = 0
configure:10302: gcc -std=gnu99 -shared  -fPIC -DPIC conftest.o  -v -Wl,-soname -Wl,conftest -o conftest 2\>\&1 \| /bin/grep  -lc  \>/dev/null 2\>\&1
configure:10305: $? = 0
configure:10319: result: no
configure:10479: checking dynamic linker characteristics
configure:10979: gcc -std=gnu99 -o conftest -g -O2   -Wl,-rpath -Wl,/foo conftest.c  >&5
configure:10979: $? = 0
configure:11213: result: GNU/Linux ld.so
configure:11320: checking how to hardcode library paths into programs
configure:11345: result: immediate
configure:11885: checking whether stripping libraries is possible
configure:11890: result: yes
configure:11925: checking if libtool supports shared libraries
configure:11927: result: yes
configure:11930: checking whether to build shared libraries
configure:11951: result: yes
configure:11954: checking whether to build static libraries
configure:11958: result: yes
configure:11995: checking whether ln -s works
configure:11999: result: yes
configure:12006: checking whether make sets $(MAKE)
configure:12028: result: yes
configure:12092: checking for pkg-config
configure:12110: found /usr/bin/pkg-config
configure:12122: result: /usr/bin/pkg-config
configure:12147: checking pkg-config is at least version 0.9.0
configure:12150: result: yes
configure:12159: checking for X
configure:12267: gcc -std=gnu99 -E  conftest.c
configure:12267: $? = 0
configure:12298: gcc -std=gnu99 -o conftest -g -O2   conftest.c -lX11  >&5
configure:12298: $? = 0
configure:12348: result: libraries , headers 
configure:12360: checking for ANSI C header files
configure:12464: result: yes
configure:12475: checking errno.h usability
configure:12475: gcc -std=gnu99 -c -g -O2  conftest.c >&5
configure:12475: $? = 0
configure:12475: result: yes
configure:12475: checking errno.h presence
configure:12475: gcc -std=gnu99 -E  conftest.c
configure:12475: $? = 0
configure:12475: result: yes
configure:12475: checking for errno.h
configure:12475: result: yes
configure:12475: checking limits.h usability
configure:12475: gcc -std=gnu99 -c -g -O2  conftest.c >&5
configure:12475: $? = 0
configure:12475: result: yes
configure:12475: checking limits.h presence
configure:12475: gcc -std=gnu99 -E  conftest.c
configure:12475: $? = 0
configure:12475: result: yes
configure:12475: checking for limits.h
configure:12475: result: yes
configure:12475: checking stddef.h usability
configure:12475: gcc -std=gnu99 -c -g -O2  conftest.c >&5
configure:12475: $? = 0
configure:12475: result: yes
configure:12475: checking stddef.h presence
configure:12475: gcc -std=gnu99 -E  conftest.c
configure:12475: $? = 0
configure:12475: result: yes
configure:12475: checking for stddef.h
configure:12475: result: yes
configure:12475: checking for stdlib.h
configure:12475: result: yes
configure:12475: checking for string.h
configure:12475: result: yes
configure:12475: checking for unistd.h
configure:12475: result: yes
configure:12527: checking for ld used by GCC
configure:12591: result: /usr/bin/ld
configure:12598: checking if the linker (/usr/bin/ld) is GNU ld
configure:12611: result: yes
configure:12618: checking for shared library run path origin
configure:12631: result: done
configure:13209: checking for iconv
configure:13231: gcc -std=gnu99 -o conftest -g -O2   conftest.c  >&5
configure:13231: $? = 0
configure:13263: result: yes
configure:13266: checking for working iconv
configure:13361: gcc -std=gnu99 -o conftest -g -O2   conftest.c  >&5
configure:13361: $? = 0
configure:13361: ./conftest
configure:13361: $? = 0
configure:13373: result: yes
configure:13401: checking for iconv declaration
configure:13430: gcc -std=gnu99 -c -g -O2  conftest.c >&5
configure:13430: $? = 0
configure:13441: result:
         extern size_t iconv (iconv_t cd, char * *inbuf, size_t *inbytesleft, char * *outbuf, size_t *outbytesleft);
configure:13457: checking iconv.h usability
configure:13457: gcc -std=gnu99 -c -g -O2  conftest.c >&5
configure:13457: $? = 0
configure:13457: result: yes
configure:13457: checking iconv.h presence
configure:13457: gcc -std=gnu99 -E  conftest.c
configure:13457: $? = 0
configure:13457: result: yes
configure:13457: checking for iconv.h
configure:13457: result: yes
configure:13462: checking whether iconv.h defines iconv_t
configure:13471: result: yes
configure:13498: checking for sin
configure:13498: gcc -std=gnu99 -o conftest -g -O2   conftest.c  >&5
conftest.c:57:6: warning: conflicting types for built-in function 'sin' [enabled by default]
 char sin ();
      ^
/tmp/cc9orJQi.o: In function `main':
/home/tplink/Desktop/libgd-2.1.1/conftest.c:68: undefined reference to `sin'
collect2: error: ld returned 1 exit status
configure:13498: $? = 1
configure: failed program was:
| /* confdefs.h */
| #define PACKAGE_NAME "GD"
| #define PACKAGE_TARNAME "libgd"
| #define PACKAGE_VERSION "2.1.1"
| #define PACKAGE_STRING "GD 2.1.1"
| #define PACKAGE_BUGREPORT "https://bitbucket.org/libgd/gd-libgd/issues"
| #define PACKAGE_URL "http://lib.gd"
| #define PACKAGE "libgd"
| #define VERSION "2.1.1"
| #define STDC_HEADERS 1
| #define HAVE_SYS_TYPES_H 1
| #define HAVE_SYS_STAT_H 1
| #define HAVE_STDLIB_H 1
| #define HAVE_STRING_H 1
| #define HAVE_MEMORY_H 1
| #define HAVE_STRINGS_H 1
| #define HAVE_INTTYPES_H 1
| #define HAVE_STDINT_H 1
| #define HAVE_UNISTD_H 1
| #define HAVE_DLFCN_H 1
| #define LT_OBJDIR ".libs/"
| #define STDC_HEADERS 1
| #define HAVE_ERRNO_H 1
| #define HAVE_LIMITS_H 1
| #define HAVE_STDDEF_H 1
| #define HAVE_STDLIB_H 1
| #define HAVE_STRING_H 1
| #define HAVE_UNISTD_H 1
| #define HAVE_ICONV 1
| #define ICONV_CONST 
| #define HAVE_ICONV_H 1
| #define HAVE_ICONV_T_DEF 1
| /* end confdefs.h.  */
| /* Define sin to an innocuous variant, in case <limits.h> declares sin.
|    For example, HP-UX 11i <limits.h> declares gettimeofday.  */
| #define sin innocuous_sin
| 
| /* System header to define __stub macros and hopefully few prototypes,
|     which can conflict with char sin (); below.
|     Prefer <limits.h> to <assert.h> if __STDC__ is defined, since
|     <limits.h> exists even on freestanding compilers.  */
| 
| #ifdef __STDC__
| # include <limits.h>
| #else
| # include <assert.h>
| #endif
| 
| #undef sin
| 
| /* Override any GCC internal prototype to avoid an error.
|    Use char because int might match the return type of a GCC
|    builtin and then its argument prototype would still apply.  */
| #ifdef __cplusplus
| extern "C"
| #endif
| char sin ();
| /* The GNU C library defines this for functions which it implements
|     to always fail with ENOSYS.  Some functions are actually named
|     something starting with __ and the normal name is an alias.  */
| #if defined __stub_sin || defined __stub___sin
| choke me
| #endif
| 
| int
| main ()
| {
| return sin ();
|   ;
|   return 0;
| }
configure:13498: result: no
configure:13502: checking for sin in -lm
configure:13527: gcc -std=gnu99 -o conftest -g -O2   conftest.c -lm   >&5
conftest.c:41:6: warning: conflicting types for built-in function 'sin' [enabled by default]
 char sin ();
      ^
configure:13527: $? = 0
configure:13536: result: yes
configure:13557: checking for deflate in -lz
configure:13582: gcc -std=gnu99 -o conftest -g -O2   conftest.c -lz  -lm  >&5
configure:13582: $? = 0
configure:13591: result: yes
configure:13627: checking for LIBPNG
configure:13634: $PKG_CONFIG --exists --print-errors "libpng"
configure:13637: $? = 0
configure:13651: $PKG_CONFIG --exists --print-errors "libpng"
configure:13654: $? = 0
configure:13702: result: yes
configure:13753: checking for LIBFREETYPE
configure:13760: $PKG_CONFIG --exists --print-errors "freetype2 >= 9.8.3"
configure:13763: $? = 0
configure:13777: $PKG_CONFIG --exists --print-errors "freetype2 >= 9.8.3"
configure:13780: $? = 0
configure:13828: result: yes
configure:13878: checking for LIBFONTCONFIG
configure:13885: $PKG_CONFIG --exists --print-errors "fontconfig"
configure:13888: $? = 0
configure:13902: $PKG_CONFIG --exists --print-errors "fontconfig"
configure:13905: $? = 0
configure:13953: result: yes
configure:14057: checking for jpeg_set_defaults in -ljpeg
configure:14082: gcc -std=gnu99 -o conftest -g -O2  -I/usr/local/include/libpng12   -I/usr/include/freetype2   -I/usr/include/freetype2    conftest.c -ljpeg  -lz -lm  -L/usr/local/lib -lpng12   -lfreetype   -lfontconfig -lfreetype   -lfontconfig >&5
configure:14082: $? = 0
configure:14091: result: yes
configure:14125: checking for LIBXPM
configure:14132: $PKG_CONFIG --exists --print-errors "xpm"
configure:14135: $? = 0
configure:14149: $PKG_CONFIG --exists --print-errors "xpm"
configure:14152: $? = 0
configure:14200: result: yes
configure:14305: checking for LIBVPX
configure:14312: $PKG_CONFIG --exists --print-errors "vpx"
configure:14315: $? = 0
configure:14329: $PKG_CONFIG --exists --print-errors "vpx"
configure:14332: $? = 0
configure:14534: result: yes
configure:14639: checking for LIBTIFF
configure:14646: $PKG_CONFIG --exists --print-errors "libtiff-4"
configure:14649: $? = 0
configure:14663: $PKG_CONFIG --exists --print-errors "libtiff-4"
configure:14666: $? = 0
configure:14714: result: yes
configure:14810: checking for simple visibility declarations
configure:14832: gcc -std=gnu99 -c -g -O2 -fvisibility=hidden  -I/usr/local/include/libpng12   -I/usr/include/freetype2   -I/usr/include/freetype2       -I/usr/include/i386-linux-gnu   conftest.c >&5
configure:14832: $? = 0
configure:14841: result: yes
configure:15026: checking for the pthreads library -lpthreads
configure:15064: gcc -std=gnu99 -o conftest -g -O2 -fvisibility=hidden   -I/usr/local/include/libpng12   -I/usr/include/freetype2   -I/usr/include/freetype2       -I/usr/include/i386-linux-gnu    conftest.c -lpthreads -ljpeg -lz -lm  -L/usr/local/lib -lpng12   -lfreetype   -lfontconfig -lfreetype   -lfontconfig -lXpm -lX11   -lvpx -lm   -ltiff   >&5
/usr/bin/ld: cannot find -lpthreads
collect2: error: ld returned 1 exit status
configure:15064: $? = 1
configure: failed program was:
| /* confdefs.h */
| #define PACKAGE_NAME "GD"
| #define PACKAGE_TARNAME "libgd"
| #define PACKAGE_VERSION "2.1.1"
| #define PACKAGE_STRING "GD 2.1.1"
| #define PACKAGE_BUGREPORT "https://bitbucket.org/libgd/gd-libgd/issues"
| #define PACKAGE_URL "http://lib.gd"
| #define PACKAGE "libgd"
| #define VERSION "2.1.1"
| #define STDC_HEADERS 1
| #define HAVE_SYS_TYPES_H 1
| #define HAVE_SYS_STAT_H 1
| #define HAVE_STDLIB_H 1
| #define HAVE_STRING_H 1
| #define HAVE_MEMORY_H 1
| #define HAVE_STRINGS_H 1
| #define HAVE_INTTYPES_H 1
| #define HAVE_STDINT_H 1
| #define HAVE_UNISTD_H 1
| #define HAVE_DLFCN_H 1
| #define LT_OBJDIR ".libs/"
| #define STDC_HEADERS 1
| #define HAVE_ERRNO_H 1
| #define HAVE_LIMITS_H 1
| #define HAVE_STDDEF_H 1
| #define HAVE_STDLIB_H 1
| #define HAVE_STRING_H 1
| #define HAVE_UNISTD_H 1
| #define HAVE_ICONV 1
| #define ICONV_CONST 
| #define HAVE_ICONV_H 1
| #define HAVE_ICONV_T_DEF 1
| #define HAVE_LIBM 1
| #define HAVE_LIBZ 1
| #define HAVE_LIBPNG 1
| #define HAVE_LIBFREETYPE 1
| #define HAVE_FT2BUILD_H 1
| #define HAVE_LIBFONTCONFIG 1
| #define HAVE_LIBJPEG 1
| #define HAVE_LIBXPM 1
| #define HAVE_LIBVPX 1
| #define HAVE_LIBTIFF 1
| #define HAVE_VISIBILITY 1
| /* end confdefs.h.  */
| #include <pthread.h>
|                         static void routine(void *a) { a = 0; }
|                         static void *start_routine(void *a) { return a; }
| int
| main ()
| {
| pthread_t th; pthread_attr_t attr;
|                         pthread_create(&th, 0, start_routine, 0);
|                         pthread_join(th, 0);
|                         pthread_attr_init(&attr);
|                         pthread_cleanup_push(routine, 0);
|                         pthread_cleanup_pop(0) /* ; */
|   ;
|   return 0;
| }
configure:15073: result: no
configure:14971: checking whether pthreads work without any flags
configure:15064: gcc -std=gnu99 -o conftest -g -O2 -fvisibility=hidden   -I/usr/local/include/libpng12   -I/usr/include/freetype2   -I/usr/include/freetype2       -I/usr/include/i386-linux-gnu    conftest.c  -ljpeg -lz -lm  -L/usr/local/lib -lpng12   -lfreetype   -lfontconfig -lfreetype   -lfontconfig -lXpm -lX11   -lvpx -lm   -ltiff   >&5
/tmp/cc9akhgW.o: In function `main':
/home/tplink/Desktop/libgd-2.1.1/conftest.c:52: undefined reference to `pthread_create'
/home/tplink/Desktop/libgd-2.1.1/conftest.c:53: undefined reference to `pthread_join'
/home/tplink/Desktop/libgd-2.1.1/conftest.c:55: undefined reference to `__pthread_register_cancel'
/home/tplink/Desktop/libgd-2.1.1/conftest.c:56: undefined reference to `__pthread_unregister_cancel'
collect2: error: ld returned 1 exit status
configure:15064: $? = 1
configure: failed program was:
| /* confdefs.h */
| #define PACKAGE_NAME "GD"
| #define PACKAGE_TARNAME "libgd"
| #define PACKAGE_VERSION "2.1.1"
| #define PACKAGE_STRING "GD 2.1.1"
| #define PACKAGE_BUGREPORT "https://bitbucket.org/libgd/gd-libgd/issues"
| #define PACKAGE_URL "http://lib.gd"
| #define PACKAGE "libgd"
| #define VERSION "2.1.1"
| #define STDC_HEADERS 1
| #define HAVE_SYS_TYPES_H 1
| #define HAVE_SYS_STAT_H 1
| #define HAVE_STDLIB_H 1
| #define HAVE_STRING_H 1
| #define HAVE_MEMORY_H 1
| #define HAVE_STRINGS_H 1
| #define HAVE_INTTYPES_H 1
| #define HAVE_STDINT_H 1
| #define HAVE_UNISTD_H 1
| #define HAVE_DLFCN_H 1
| #define LT_OBJDIR ".libs/"
| #define STDC_HEADERS 1
| #define HAVE_ERRNO_H 1
| #define HAVE_LIMITS_H 1
| #define HAVE_STDDEF_H 1
| #define HAVE_STDLIB_H 1
| #define HAVE_STRING_H 1
| #define HAVE_UNISTD_H 1
| #define HAVE_ICONV 1
| #define ICONV_CONST 
| #define HAVE_ICONV_H 1
| #define HAVE_ICONV_T_DEF 1
| #define HAVE_LIBM 1
| #define HAVE_LIBZ 1
| #define HAVE_LIBPNG 1
| #define HAVE_LIBFREETYPE 1
| #define HAVE_FT2BUILD_H 1
| #define HAVE_LIBFONTCONFIG 1
| #define HAVE_LIBJPEG 1
| #define HAVE_LIBXPM 1
| #define HAVE_LIBVPX 1
| #define HAVE_LIBTIFF 1
| #define HAVE_VISIBILITY 1
| /* end confdefs.h.  */
| #include <pthread.h>
|                         static void routine(void *a) { a = 0; }
|                         static void *start_routine(void *a) { return a; }
| int
| main ()
| {
| pthread_t th; pthread_attr_t attr;
|                         pthread_create(&th, 0, start_routine, 0);
|                         pthread_join(th, 0);
|                         pthread_attr_init(&attr);
|                         pthread_cleanup_push(routine, 0);
|                         pthread_cleanup_pop(0) /* ; */
|   ;
|   return 0;
| }
configure:15073: result: no
configure:14976: checking whether pthreads work with -Kthread
configure:15064: gcc -std=gnu99 -o conftest -g -O2 -fvisibility=hidden -Kthread  -I/usr/local/include/libpng12   -I/usr/include/freetype2   -I/usr/include/freetype2       -I/usr/include/i386-linux-gnu    conftest.c  -ljpeg -lz -lm  -L/usr/local/lib -lpng12   -lfreetype   -lfontconfig -lfreetype   -lfontconfig -lXpm -lX11   -lvpx -lm   -ltiff   >&5
gcc: error: unrecognized command line option '-Kthread'
configure:15064: $? = 1
configure: failed program was:
| /* confdefs.h */
| #define PACKAGE_NAME "GD"
| #define PACKAGE_TARNAME "libgd"
| #define PACKAGE_VERSION "2.1.1"
| #define PACKAGE_STRING "GD 2.1.1"
| #define PACKAGE_BUGREPORT "https://bitbucket.org/libgd/gd-libgd/issues"
| #define PACKAGE_URL "http://lib.gd"
| #define PACKAGE "libgd"
| #define VERSION "2.1.1"
| #define STDC_HEADERS 1
| #define HAVE_SYS_TYPES_H 1
| #define HAVE_SYS_STAT_H 1
| #define HAVE_STDLIB_H 1
| #define HAVE_STRING_H 1
| #define HAVE_MEMORY_H 1
| #define HAVE_STRINGS_H 1
| #define HAVE_INTTYPES_H 1
| #define HAVE_STDINT_H 1
| #define HAVE_UNISTD_H 1
| #define HAVE_DLFCN_H 1
| #define LT_OBJDIR ".libs/"
| #define STDC_HEADERS 1
| #define HAVE_ERRNO_H 1
| #define HAVE_LIMITS_H 1
| #define HAVE_STDDEF_H 1
| #define HAVE_STDLIB_H 1
| #define HAVE_STRING_H 1
| #define HAVE_UNISTD_H 1
| #define HAVE_ICONV 1
| #define ICONV_CONST 
| #define HAVE_ICONV_H 1
| #define HAVE_ICONV_T_DEF 1
| #define HAVE_LIBM 1
| #define HAVE_LIBZ 1
| #define HAVE_LIBPNG 1
| #define HAVE_LIBFREETYPE 1
| #define HAVE_FT2BUILD_H 1
| #define HAVE_LIBFONTCONFIG 1
| #define HAVE_LIBJPEG 1
| #define HAVE_LIBXPM 1
| #define HAVE_LIBVPX 1
| #define HAVE_LIBTIFF 1
| #define HAVE_VISIBILITY 1
| /* end confdefs.h.  */
| #include <pthread.h>
|                         static void routine(void *a) { a = 0; }
|                         static void *start_routine(void *a) { return a; }
| int
| main ()
| {
| pthread_t th; pthread_attr_t attr;
|                         pthread_create(&th, 0, start_routine, 0);
|                         pthread_join(th, 0);
|                         pthread_attr_init(&attr);
|                         pthread_cleanup_push(routine, 0);
|                         pthread_cleanup_pop(0) /* ; */
|   ;
|   return 0;
| }
configure:15073: result: no
configure:14976: checking whether pthreads work with -kthread
configure:15064: gcc -std=gnu99 -o conftest -g -O2 -fvisibility=hidden -kthread  -I/usr/local/include/libpng12   -I/usr/include/freetype2   -I/usr/include/freetype2       -I/usr/include/i386-linux-gnu    conftest.c  -ljpeg -lz -lm  -L/usr/local/lib -lpng12   -lfreetype   -lfontconfig -lfreetype   -lfontconfig -lXpm -lX11   -lvpx -lm   -ltiff   >&5
gcc: error: unrecognized command line option '-kthread'
configure:15064: $? = 1
configure: failed program was:
| /* confdefs.h */
| #define PACKAGE_NAME "GD"
| #define PACKAGE_TARNAME "libgd"
| #define PACKAGE_VERSION "2.1.1"
| #define PACKAGE_STRING "GD 2.1.1"
| #define PACKAGE_BUGREPORT "https://bitbucket.org/libgd/gd-libgd/issues"
| #define PACKAGE_URL "http://lib.gd"
| #define PACKAGE "libgd"
| #define VERSION "2.1.1"
| #define STDC_HEADERS 1
| #define HAVE_SYS_TYPES_H 1
| #define HAVE_SYS_STAT_H 1
| #define HAVE_STDLIB_H 1
| #define HAVE_STRING_H 1
| #define HAVE_MEMORY_H 1
| #define HAVE_STRINGS_H 1
| #define HAVE_INTTYPES_H 1
| #define HAVE_STDINT_H 1
| #define HAVE_UNISTD_H 1
| #define HAVE_DLFCN_H 1
| #define LT_OBJDIR ".libs/"
| #define STDC_HEADERS 1
| #define HAVE_ERRNO_H 1
| #define HAVE_LIMITS_H 1
| #define HAVE_STDDEF_H 1
| #define HAVE_STDLIB_H 1
| #define HAVE_STRING_H 1
| #define HAVE_UNISTD_H 1
| #define HAVE_ICONV 1
| #define ICONV_CONST 
| #define HAVE_ICONV_H 1
| #define HAVE_ICONV_T_DEF 1
| #define HAVE_LIBM 1
| #define HAVE_LIBZ 1
| #define HAVE_LIBPNG 1
| #define HAVE_LIBFREETYPE 1
| #define HAVE_FT2BUILD_H 1
| #define HAVE_LIBFONTCONFIG 1
| #define HAVE_LIBJPEG 1
| #define HAVE_LIBXPM 1
| #define HAVE_LIBVPX 1
| #define HAVE_LIBTIFF 1
| #define HAVE_VISIBILITY 1
| /* end confdefs.h.  */
| #include <pthread.h>
|                         static void routine(void *a) { a = 0; }
|                         static void *start_routine(void *a) { return a; }
| int
| main ()
| {
| pthread_t th; pthread_attr_t attr;
|                         pthread_create(&th, 0, start_routine, 0);
|                         pthread_join(th, 0);
|                         pthread_attr_init(&attr);
|                         pthread_cleanup_push(routine, 0);
|                         pthread_cleanup_pop(0) /* ; */
|   ;
|   return 0;
| }
configure:15073: result: no
configure:15026: checking for the pthreads library -llthread
configure:15064: gcc -std=gnu99 -o conftest -g -O2 -fvisibility=hidden   -I/usr/local/include/libpng12   -I/usr/include/freetype2   -I/usr/include/freetype2       -I/usr/include/i386-linux-gnu    conftest.c -llthread -ljpeg -lz -lm  -L/usr/local/lib -lpng12   -lfreetype   -lfontconfig -lfreetype   -lfontconfig -lXpm -lX11   -lvpx -lm   -ltiff   >&5
/usr/bin/ld: cannot find -llthread
collect2: error: ld returned 1 exit status
configure:15064: $? = 1
configure: failed program was:
| /* confdefs.h */
| #define PACKAGE_NAME "GD"
| #define PACKAGE_TARNAME "libgd"
| #define PACKAGE_VERSION "2.1.1"
| #define PACKAGE_STRING "GD 2.1.1"
| #define PACKAGE_BUGREPORT "https://bitbucket.org/libgd/gd-libgd/issues"
| #define PACKAGE_URL "http://lib.gd"
| #define PACKAGE "libgd"
| #define VERSION "2.1.1"
| #define STDC_HEADERS 1
| #define HAVE_SYS_TYPES_H 1
| #define HAVE_SYS_STAT_H 1
| #define HAVE_STDLIB_H 1
| #define HAVE_STRING_H 1
| #define HAVE_MEMORY_H 1
| #define HAVE_STRINGS_H 1
| #define HAVE_INTTYPES_H 1
| #define HAVE_STDINT_H 1
| #define HAVE_UNISTD_H 1
| #define HAVE_DLFCN_H 1
| #define LT_OBJDIR ".libs/"
| #define STDC_HEADERS 1
| #define HAVE_ERRNO_H 1
| #define HAVE_LIMITS_H 1
| #define HAVE_STDDEF_H 1
| #define HAVE_STDLIB_H 1
| #define HAVE_STRING_H 1
| #define HAVE_UNISTD_H 1
| #define HAVE_ICONV 1
| #define ICONV_CONST 
| #define HAVE_ICONV_H 1
| #define HAVE_ICONV_T_DEF 1
| #define HAVE_LIBM 1
| #define HAVE_LIBZ 1
| #define HAVE_LIBPNG 1
| #define HAVE_LIBFREETYPE 1
| #define HAVE_FT2BUILD_H 1
| #define HAVE_LIBFONTCONFIG 1
| #define HAVE_LIBJPEG 1
| #define HAVE_LIBXPM 1
| #define HAVE_LIBVPX 1
| #define HAVE_LIBTIFF 1
| #define HAVE_VISIBILITY 1
| /* end confdefs.h.  */
| #include <pthread.h>
|                         static void routine(void *a) { a = 0; }
|                         static void *start_routine(void *a) { return a; }
| int
| main ()
| {
| pthread_t th; pthread_attr_t attr;
|                         pthread_create(&th, 0, start_routine, 0);
|                         pthread_join(th, 0);
|                         pthread_attr_init(&attr);
|                         pthread_cleanup_push(routine, 0);
|                         pthread_cleanup_pop(0) /* ; */
|   ;
|   return 0;
| }
configure:15073: result: no
configure:14976: checking whether pthreads work with -pthread
configure:15064: gcc -std=gnu99 -o conftest -g -O2 -fvisibility=hidden -pthread  -I/usr/local/include/libpng12   -I/usr/include/freetype2   -I/usr/include/freetype2       -I/usr/include/i386-linux-gnu    conftest.c  -ljpeg -lz -lm  -L/usr/local/lib -lpng12   -lfreetype   -lfontconfig -lfreetype   -lfontconfig -lXpm -lX11   -lvpx -lm   -ltiff   >&5
configure:15064: $? = 0
configure:15073: result: yes
configure:15092: checking for joinable pthread attribute
configure:15107: gcc -std=gnu99 -o conftest -g -O2 -fvisibility=hidden -pthread  -I/usr/local/include/libpng12   -I/usr/include/freetype2   -I/usr/include/freetype2       -I/usr/include/i386-linux-gnu    conftest.c  -ljpeg -lz -lm  -L/usr/local/lib -lpng12   -lfreetype   -lfontconfig -lfreetype   -lfontconfig -lXpm -lX11   -lvpx -lm   -ltiff   >&5
configure:15107: $? = 0
configure:15113: result: PTHREAD_CREATE_JOINABLE
configure:15123: checking if more special flags are required for pthreads
configure:15137: result: no
configure:15143: checking for PTHREAD_PRIO_INHERIT
configure:15161: gcc -std=gnu99 -o conftest -g -O2 -fvisibility=hidden -pthread  -I/usr/local/include/libpng12   -I/usr/include/freetype2   -I/usr/include/freetype2       -I/usr/include/i386-linux-gnu    conftest.c  -ljpeg -lz -lm  -L/usr/local/lib -lpng12   -lfreetype   -lfontconfig -lfreetype   -lfontconfig -lXpm -lX11   -lvpx -lm   -ltiff   >&5
configure:15161: $? = 0
configure:15170: result: yes
configure:15270: checking whether we are building for a Win32 host
configure:15282: gcc -std=gnu99 -c -g -O2 -fvisibility=hidden  -I/usr/local/include/libpng12   -I/usr/include/freetype2   -I/usr/include/freetype2       -I/usr/include/i386-linux-gnu   conftest.c >&5
configure:15282: $? = 0
configure:15289: result: no
configure:15310: result:
** Configuration summary for libgd 2.1.1:

   Support for Zlib:                 yes
   Support for PNG library:          yes
   Support for JPEG library:         yes
   Support for VPX library:          yes
   Support for TIFF library:         yes
   Support for Freetype 2.x library: yes
   Support for Fontconfig library:   yes
   Support for Xpm library:          yes
   Support for pthreads:             yes

configure:15490: creating ./config.status

## ---------------------- ##
## Running config.status. ##
## ---------------------- ##

This file was extended by GD config.status 2.1.1, which was
generated by GNU Autoconf 2.69.  Invocation command line was

  CONFIG_FILES    = 
  CONFIG_HEADERS  = 
  CONFIG_LINKS    = 
  CONFIG_COMMANDS = 
  $ ./config.status 

on tplink

config.status:1151: creating Makefile
config.status:1151: creating src/Makefile
config.status:1151: creating tests/Makefile
config.status:1151: creating tests/test_config.h
config.status:1151: creating config/Makefile
config.status:1151: creating config/gdlib-config
config.status:1151: creating config/gdlib.pc
config.status:1151: creating src/config.h
config.status:1332: src/config.h is unchanged
config.status:1380: executing depfiles commands
config.status:1380: executing libtool commands

## ---------------- ##
## Cache variables. ##
## ---------------- ##

ac_cv_build=i686-pc-linux-gnu
ac_cv_c_compiler_gnu=yes
ac_cv_env_CC_set=
ac_cv_env_CC_value=
ac_cv_env_CFLAGS_set=
ac_cv_env_CFLAGS_value=
ac_cv_env_CPPFLAGS_set=
ac_cv_env_CPPFLAGS_value=
ac_cv_env_CPP_set=
ac_cv_env_CPP_value=
ac_cv_env_LDFLAGS_set=
ac_cv_env_LDFLAGS_value=
ac_cv_env_LIBFONTCONFIG_CFLAGS_set=
ac_cv_env_LIBFONTCONFIG_CFLAGS_value=
ac_cv_env_LIBFONTCONFIG_LIBS_set=
ac_cv_env_LIBFONTCONFIG_LIBS_value=
ac_cv_env_LIBFREETYPE_CFLAGS_set=
ac_cv_env_LIBFREETYPE_CFLAGS_value=
ac_cv_env_LIBFREETYPE_LIBS_set=
ac_cv_env_LIBFREETYPE_LIBS_value=
ac_cv_env_LIBPNG_CFLAGS_set=
ac_cv_env_LIBPNG_CFLAGS_value=
ac_cv_env_LIBPNG_LIBS_set=
ac_cv_env_LIBPNG_LIBS_value=
ac_cv_env_LIBS_set=
ac_cv_env_LIBS_value=
ac_cv_env_LIBTIFF_CFLAGS_set=
ac_cv_env_LIBTIFF_CFLAGS_value=
ac_cv_env_LIBTIFF_LIBS_set=
ac_cv_env_LIBTIFF_LIBS_value=
ac_cv_env_LIBVPX_CFLAGS_set=
ac_cv_env_LIBVPX_CFLAGS_value=
ac_cv_env_LIBVPX_LIBS_set=
ac_cv_env_LIBVPX_LIBS_value=
ac_cv_env_LIBXPM_CFLAGS_set=
ac_cv_env_LIBXPM_CFLAGS_value=
ac_cv_env_LIBXPM_LIBS_set=
ac_cv_env_LIBXPM_LIBS_value=
ac_cv_env_PKG_CONFIG_LIBDIR_set=
ac_cv_env_PKG_CONFIG_LIBDIR_value=
ac_cv_env_PKG_CONFIG_PATH_set=
ac_cv_env_PKG_CONFIG_PATH_value=
ac_cv_env_PKG_CONFIG_set=
ac_cv_env_PKG_CONFIG_value=
ac_cv_env_XMKMF_set=
ac_cv_env_XMKMF_value=
ac_cv_env_build_alias_set=
ac_cv_env_build_alias_value=
ac_cv_env_host_alias_set=
ac_cv_env_host_alias_value=
ac_cv_env_target_alias_set=
ac_cv_env_target_alias_value=
ac_cv_func_sin=no
ac_cv_have_x='have_x=yes	ac_x_includes='\'''\''	ac_x_libraries='\'''\'''
ac_cv_header_dlfcn_h=yes
ac_cv_header_errno_h=yes
ac_cv_header_iconv_h=yes
ac_cv_header_inttypes_h=yes
ac_cv_header_limits_h=yes
ac_cv_header_memory_h=yes
ac_cv_header_stdc=yes
ac_cv_header_stddef_h=yes
ac_cv_header_stdint_h=yes
ac_cv_header_stdlib_h=yes
ac_cv_header_string_h=yes
ac_cv_header_strings_h=yes
ac_cv_header_sys_stat_h=yes
ac_cv_header_sys_types_h=yes
ac_cv_header_unistd_h=yes
ac_cv_host=i686-pc-linux-gnu
ac_cv_lib_jpeg_jpeg_set_defaults=yes
ac_cv_lib_m_sin=yes
ac_cv_lib_z_deflate=yes
ac_cv_objext=o
ac_cv_path_EGREP='/bin/grep -E'
ac_cv_path_FGREP='/bin/grep -F'
ac_cv_path_GREP=/bin/grep
ac_cv_path_SED=/bin/sed
ac_cv_path_ac_pt_PKG_CONFIG=/usr/bin/pkg-config
ac_cv_path_install='/usr/bin/install -c'
ac_cv_path_mkdir=/bin/mkdir
ac_cv_prog_AWK=gawk
ac_cv_prog_CPP='gcc -std=gnu99 -E'
ac_cv_prog_ac_ct_AR=ar
ac_cv_prog_ac_ct_CC=gcc
ac_cv_prog_ac_ct_MANIFEST_TOOL=mt
ac_cv_prog_ac_ct_OBJDUMP=objdump
ac_cv_prog_ac_ct_RANLIB=ranlib
ac_cv_prog_ac_ct_STRIP=strip
ac_cv_prog_cc_c89=
ac_cv_prog_cc_c99=-std=gnu99
ac_cv_prog_cc_g=yes
ac_cv_prog_cc_gcc_c_o=yes
ac_cv_prog_cc_stdc=-std=gnu99
ac_cv_prog_make_make_set=yes
acl_cv_hardcode_direct=no
acl_cv_hardcode_libdir_flag_spec='${wl}-rpath ${wl}$libdir'
acl_cv_hardcode_libdir_separator=
acl_cv_hardcode_minus_L=no
acl_cv_libext=a
acl_cv_libname_spec='lib$name'
acl_cv_library_names_spec='$libname$shrext'
acl_cv_path_LD=/usr/bin/ld
acl_cv_prog_gnu_ld=yes
acl_cv_rpath=done
acl_cv_shlibext=so
acl_cv_wl=-Wl,
am_cv_CC_dependencies_compiler_type=gcc3
am_cv_ar_interface=ar
am_cv_func_iconv=yes
am_cv_func_iconv_works=yes
am_cv_lib_iconv=no
am_cv_proto_iconv='extern size_t iconv (iconv_t cd, char * *inbuf, size_t *inbytesleft, char * *outbuf, size_t *outbytesleft);'
am_cv_proto_iconv_arg1=
ax_cv_PTHREAD_PRIO_INHERIT=yes
gl_cv_cc_visibility=yes
lt_cv_ar_at_file=@
lt_cv_archive_cmds_need_lc=no
lt_cv_deplibs_check_method=pass_all
lt_cv_file_magic_cmd='$MAGIC_CMD'
lt_cv_file_magic_test_file=
lt_cv_ld_reload_flag=-r
lt_cv_nm_interface='BSD nm'
lt_cv_objdir=.libs
lt_cv_path_LD=/usr/bin/ld
lt_cv_path_NM='/usr/bin/nm -B'
lt_cv_path_mainfest_tool=no
lt_cv_prog_compiler_c_o=yes
lt_cv_prog_compiler_pic='-fPIC -DPIC'
lt_cv_prog_compiler_pic_works=yes
lt_cv_prog_compiler_rtti_exceptions=no
lt_cv_prog_compiler_static_works=yes
lt_cv_prog_gnu_ld=yes
lt_cv_sharedlib_from_linklib_cmd='printf %s\n'
lt_cv_shlibpath_overrides_runpath=no
lt_cv_sys_global_symbol_pipe='sed -n -e '\''s/^.*[	 ]\([ABCDGIRSTW][ABCDGIRSTW]*\)[	 ][	 ]*\([_A-Za-z][_A-Za-z0-9]*\)$/\1 \2 \2/p'\'' | sed '\''/ __gnu_lto/d'\'''
lt_cv_sys_global_symbol_to_c_name_address='sed -n -e '\''s/^: \([^ ]*\)[ ]*$/  {\"\1\", (void *) 0},/p'\'' -e '\''s/^[ABCDGIRSTW]* \([^ ]*\) \([^ ]*\)$/  {"\2", (void *) \&\2},/p'\'''
lt_cv_sys_global_symbol_to_c_name_address_lib_prefix='sed -n -e '\''s/^: \([^ ]*\)[ ]*$/  {\"\1\", (void *) 0},/p'\'' -e '\''s/^[ABCDGIRSTW]* \([^ ]*\) \(lib[^ ]*\)$/  {"\2", (void *) \&\2},/p'\'' -e '\''s/^[ABCDGIRSTW]* \([^ ]*\) \([^ ]*\)$/  {"lib\2", (void *) \&\2},/p'\'''
lt_cv_sys_global_symbol_to_cdecl='sed -n -e '\''s/^T .* \(.*\)$/extern int \1();/p'\'' -e '\''s/^[ABCDGIRSTW]* .* \(.*\)$/extern char \1;/p'\'''
lt_cv_sys_max_cmd_len=1572864
lt_cv_to_host_file_cmd=func_convert_file_noop
lt_cv_to_tool_file_cmd=func_convert_file_noop
mingw_cv_win32_host=no
pkg_cv_LIBFONTCONFIG_CFLAGS='-I/usr/include/freetype2  '
pkg_cv_LIBFONTCONFIG_LIBS='-lfontconfig -lfreetype  '
pkg_cv_LIBFREETYPE_CFLAGS='-I/usr/include/freetype2  '
pkg_cv_LIBFREETYPE_LIBS='-lfreetype  '
pkg_cv_LIBPNG_CFLAGS='-I/usr/local/include/libpng12  '
pkg_cv_LIBPNG_LIBS='-L/usr/local/lib -lpng12  '
pkg_cv_LIBTIFF_CFLAGS='-I/usr/include/i386-linux-gnu  '
pkg_cv_LIBTIFF_LIBS='-ltiff  '
pkg_cv_LIBVPX_CFLAGS=' '
pkg_cv_LIBVPX_LIBS='-lvpx -lm  '
pkg_cv_LIBXPM_CFLAGS=' '
pkg_cv_LIBXPM_LIBS='-lXpm -lX11  '

## ----------------- ##
## Output variables. ##
## ----------------- ##

ACLOCAL='${SHELL} /home/tplink/Desktop/libgd-2.1.1/config/missing --run aclocal-1.11'
AMDEPBACKSLASH='\'
AMDEP_FALSE='#'
AMDEP_TRUE=''
AMTAR='$${TAR-tar}'
AR='ar'
AUTOCONF='${SHELL} /home/tplink/Desktop/libgd-2.1.1/config/missing --run autoconf'
AUTOHEADER='${SHELL} /home/tplink/Desktop/libgd-2.1.1/config/missing --run autoheader'
AUTOMAKE='${SHELL} /home/tplink/Desktop/libgd-2.1.1/config/missing --run automake-1.11'
AWK='gawk'
CC='gcc -std=gnu99'
CCDEPMODE='depmode=gcc3'
CFLAGS='-g -O2 -fvisibility=hidden'
CFLAG_VISIBILITY='-fvisibility=hidden'
CPP='gcc -std=gnu99 -E'
CPPFLAGS=' -I/usr/local/include/libpng12   -I/usr/include/freetype2   -I/usr/include/freetype2       -I/usr/include/i386-linux-gnu  '
CYGPATH_W='echo'
DEFS='-DHAVE_CONFIG_H'
DEPDIR='.deps'
DLLTOOL='false'
DSYMUTIL=''
DUMPBIN=''
ECHO_C=''
ECHO_N='-n'
ECHO_T=''
EGREP='/bin/grep -E'
EXEEXT=''
FEATURES='GD_TIFF GD_VPX GD_XPM GD_JPEG GD_FONTCONFIG GD_FREETYPE GD_PNG GD_GIF GD_GIFANIM GD_OPENPOLYGON'
FGREP='/bin/grep -F'
GDLIB_AGE='0'
GDLIB_CURRENT='3'
GDLIB_REVISION='0'
GREP='/bin/grep'
HAVE_LIBFONTCONFIG_FALSE='#'
HAVE_LIBFONTCONFIG_TRUE=''
HAVE_LIBFREETYPE_FALSE='#'
HAVE_LIBFREETYPE_TRUE=''
HAVE_LIBJPEG_FALSE='#'
HAVE_LIBJPEG_TRUE=''
HAVE_LIBPNG_FALSE='#'
HAVE_LIBPNG_TRUE=''
HAVE_LIBTIFF_FALSE='#'
HAVE_LIBTIFF_TRUE=''
HAVE_LIBVPX_FALSE='#'
HAVE_LIBVPX_TRUE=''
HAVE_LIBXPM_FALSE='#'
HAVE_LIBXPM_TRUE=''
HAVE_LIBZ_FALSE='#'
HAVE_LIBZ_TRUE=''
HAVE_VISIBILITY='1'
INSTALL_DATA='${INSTALL} -m 644'
INSTALL_PROGRAM='${INSTALL}'
INSTALL_SCRIPT='${INSTALL}'
INSTALL_STRIP_PROGRAM='$(install_sh) -c -s'
LD='/usr/bin/ld'
LDFLAGS=''
LIBFONTCONFIG_CFLAGS='-I/usr/include/freetype2  '
LIBFONTCONFIG_LIBS='-lfontconfig -lfreetype  '
LIBFREETYPE_CFLAGS='-I/usr/include/freetype2  '
LIBFREETYPE_LIBS='-lfreetype  '
LIBICONV=''
LIBOBJS=''
LIBPNG_CFLAGS='-I/usr/local/include/libpng12  '
LIBPNG_LIBS='-L/usr/local/lib -lpng12  '
LIBS='-ljpeg -lz -lm  -L/usr/local/lib -lpng12   -lfreetype   -lfontconfig -lfreetype   -lfontconfig -lXpm -lX11   -lvpx -lm   -ltiff  '
LIBTIFF_CFLAGS='-I/usr/include/i386-linux-gnu  '
LIBTIFF_LIBS='-ltiff  '
LIBTOOL='$(SHELL) $(top_builddir)/libtool'
LIBVPX_CFLAGS=' '
LIBVPX_LIBS='-lvpx -lm  '
LIBXPM_CFLAGS=' '
LIBXPM_LIBS='-lXpm -lX11  '
LIPO=''
LN_S='ln -s'
LTLIBICONV=''
LTLIBOBJS=''
MAKEINFO='${SHELL} /home/tplink/Desktop/libgd-2.1.1/config/missing --run makeinfo'
MANIFEST_TOOL=':'
MKDIR_P='/bin/mkdir -p'
NM='/usr/bin/nm -B'
NMEDIT=''
OBJDUMP='objdump'
OBJEXT='o'
OTOOL64=''
OTOOL=''
PACKAGE='libgd'
PACKAGE_BUGREPORT='https://bitbucket.org/libgd/gd-libgd/issues'
PACKAGE_NAME='GD'
PACKAGE_STRING='GD 2.1.1'
PACKAGE_TARNAME='libgd'
PACKAGE_URL='http://lib.gd'
PACKAGE_VERSION='2.1.1'
PATH_SEPARATOR=':'
PKG_CONFIG='/usr/bin/pkg-config'
PKG_CONFIG_LIBDIR=''
PKG_CONFIG_PATH=''
PTHREAD_CC='gcc -std=gnu99'
PTHREAD_CFLAGS='-pthread'
PTHREAD_LIBS=''
RANLIB='ranlib'
SED='/bin/sed'
SET_MAKE=''
SHELL='/bin/sh'
STRIP='strip'
VERSION='2.1.1'
XMKMF=''
ac_ct_AR='ar'
ac_ct_CC='gcc'
ac_ct_DUMPBIN=''
am__EXEEXT_FALSE=''
am__EXEEXT_TRUE='#'
am__fastdepCC_FALSE='#'
am__fastdepCC_TRUE=''
am__include='include'
am__isrc=''
am__leading_dot='.'
am__nodep='_no'
am__quote=''
am__tar='$${TAR-tar} chof - "$$tardir"'
am__untar='$${TAR-tar} xf -'
ax_pthread_config=''
bindir='${exec_prefix}/bin'
build='i686-pc-linux-gnu'
build_alias=''
build_cpu='i686'
build_os='linux-gnu'
build_vendor='pc'
datadir='${datarootdir}'
datarootdir='${prefix}/share'
docdir='${datarootdir}/doc/${PACKAGE_TARNAME}'
dvidir='${docdir}'
exec_prefix='${prefix}'
host='i686-pc-linux-gnu'
host_alias=''
host_cpu='i686'
host_os='linux-gnu'
host_vendor='pc'
htmldir='${docdir}'
includedir='${prefix}/include'
infodir='${datarootdir}/info'
install_sh='${SHELL} /home/tplink/Desktop/libgd-2.1.1/config/install-sh'
libdir='${exec_prefix}/lib'
libexecdir='${exec_prefix}/libexec'
localedir='${datarootdir}/locale'
localstatedir='${prefix}/var'
mandir='${datarootdir}/man'
mkdir_p='/bin/mkdir -p'
oldincludedir='/usr/include'
pdfdir='${docdir}'
prefix='/usr/local'
program_transform_name='s,x,x,'
psdir='${docdir}'
sbindir='${exec_prefix}/sbin'
sharedstatedir='${prefix}/com'
sysconfdir='${prefix}/etc'
target_alias=''

## ----------- ##
## confdefs.h. ##
## ----------- ##

/* confdefs.h */
#define PACKAGE_NAME "GD"
#define PACKAGE_TARNAME "libgd"
#define PACKAGE_VERSION "2.1.1"
#define PACKAGE_STRING "GD 2.1.1"
#define PACKAGE_BUGREPORT "https://bitbucket.org/libgd/gd-libgd/issues"
#define PACKAGE_URL "http://lib.gd"
#define PACKAGE "libgd"
#define VERSION "2.1.1"
#define STDC_HEADERS 1
#define HAVE_SYS_TYPES_H 1
#define HAVE_SYS_STAT_H 1
#define HAVE_STDLIB_H 1
#define HAVE_STRING_H 1
#define HAVE_MEMORY_H 1
#define HAVE_STRINGS_H 1
#define HAVE_INTTYPES_H 1
#define HAVE_STDINT_H 1
#define HAVE_UNISTD_H 1
#define HAVE_DLFCN_H 1
#define LT_OBJDIR ".libs/"
#define STDC_HEADERS 1
#define HAVE_ERRNO_H 1
#define HAVE_LIMITS_H 1
#define HAVE_STDDEF_H 1
#define HAVE_STDLIB_H 1
#define HAVE_STRING_H 1
#define HAVE_UNISTD_H 1
#define HAVE_ICONV 1
#define ICONV_CONST 
#define HAVE_ICONV_H 1
#define HAVE_ICONV_T_DEF 1
#define HAVE_LIBM 1
#define HAVE_LIBZ 1
#define HAVE_LIBPNG 1
#define HAVE_LIBFREETYPE 1
#define HAVE_FT2BUILD_H 1
#define HAVE_LIBFONTCONFIG 1
#define HAVE_LIBJPEG 1
#define HAVE_LIBXPM 1
#define HAVE_LIBVPX 1
#define HAVE_LIBTIFF 1
#define HAVE_VISIBILITY 1
#define HAVE_PTHREAD_PRIO_INHERIT 1
#define HAVE_PTHREAD 1

configure: exit 0
